<?xml version="1.0" encoding="UTF-8"?>
<coverage generated="1681330189334" clover="3.2.0">
  <project timestamp="1681330189334" name="All files">
    <metrics statements="3" coveredstatements="3" conditionals="3" coveredconditionals="3" methods="2" coveredmethods="2" elements="8" coveredelements="8" complexity="0" loc="3" ncloc="3" packages="1" files="1" classes="1"/>
    <file name="sum.ts" path="C:\code\vite-app\src\sum.ts">
      <metrics statements="3" coveredstatements="3" conditionals="3" coveredconditionals="3" methods="2" coveredmethods="2"/>
      <line num="1" count="1" type="cond" truecount="1" falsecount="0"/>
      <line num="2" count="5" type="cond" truecount="1" falsecount="0"/>
      <line num="3" count="5" type="cond" truecount="1" falsecount="0"/>
    </file>
  </project>
</coverage>
