{"C:\\code\\vite-app\\src\\sum.ts": {"path":"C:\\code\\vite-app\\src\\sum.ts","all":false,"statementMap":{"0":{"start":{"line":1,"column":0},"end":{"line":1,"column":42}},"1":{"start":{"line":2,"column":0},"end":{"line":2,"column":58}},"2":{"start":{"line":3,"column":0},"end":{"line":3,"column":2}}},"s":{"0":1,"1":5,"2":5},"branchMap":{"0":{"type":"branch","line":1,"loc":{"start":{"line":1,"column":41},"end":{"line":3,"column":2}},"locations":[{"start":{"line":1,"column":41},"end":{"line":3,"column":2}}]},"1":{"type":"branch","line":2,"loc":{"start":{"line":2,"column":20},"end":{"line":2,"column":55}},"locations":[{"start":{"line":2,"column":20},"end":{"line":2,"column":55}}]},"2":{"type":"branch","line":3,"loc":{"start":{"line":3,"column":0},"end":{"line":3,"column":2}},"locations":[{"start":{"line":3,"column":0},"end":{"line":3,"column":2}}]}},"b":{"0":[5],"1":[14],"2":[5]},"fnMap":{"0":{"name":"sum","decl":{"start":{"line":1,"column":41},"end":{"line":3,"column":2}},"loc":{"start":{"line":1,"column":41},"end":{"line":3,"column":2}},"line":1},"1":{"name":"get","decl":{"start":{"line":3,"column":0},"end":{"line":3,"column":2}},"loc":{"start":{"line":3,"column":0},"end":{"line":3,"column":2}},"line":3}},"f":{"0":5,"1":5}}
}
